;;─────────────────────<<PROGRAMS/TURINGFOLDER/TURING2 LST>>─────────────────────;;
0  :                 | .start PrgrmStart 
1  :                 | ;;----------------------------------------------------;; 
1  :                 | ;r0 -> Number of Steps 
1  :                 | ;r1 -> Current Head Location 
1  :                 | ;r2 -> Current State 
1  :                 | ;r3 -> Current Tuple Position 
1  :                 | ;r4 -> End of Tuples 
1  :                 | ;r5 -> 
1  :                 | ;r6 -> 
1  :                 | ;r7 -> 
1  :                 | ;r8 -> Current Tuple Character 
1  :                 | ;r9 -> Current Head Character 
1  :                 | ;;----------------------------------------------------;; 
1  :   8  95  49  49 | Tape: .String "_110101_" 
10 :   0             | Head: .integer #0 
11 :   6             | NumberTuples: .integer #6 
12 :   1  49   1  48 | Tuples: .tuple \1110r\ 
17 :   0  95   1  95 | T2: .tuple \0_1_r\ 
22 :   1  48   1  49 | T3: .tuple \1011r\ 
27 :   1  95   2  95 | T4: .tuple \1_2_l\ 
32 :   2  48   2  48 | T5: .tuple \2020l\ 
37 :   2  49   2  49 | T6: .tuple \2121l\ 
42 :   0             | CurrentState: .integer #0 
43 :                 | ;;----------------------------------------------------;; 
43 :  18  87 101 108 | Welcome: .String "Welcome to Turing!" 
62 :  15  73 110 105 | InitialS: .String "Initial State: " 
78 :  14  73 110 105 | InitialT: .String "Initial Tape: " 
93 :  19  84 117 114 | EndMessage: .String "Turing run complete" 
113:  12  70 105 110 | FinalTape: .String "Final Tape: " 
126:  10  84 104  97 | ThatTook: .String "That took " 
137:   6  32 115 116 | Steps: .String " steps" 
144:   1  91         | HeadOpen: .String "[" 
146:   1  93         | HeadClose: .String "]" 
148:                 | ;;----------------------------------------------------;; 
148:  55  42         | PrgrmStart: outs Welcome 
150:  44  10         | outci #10 
152:  44  10         | outci #10 
154:  55  61         | outs InitialS 
156:  49   1         | printi r1 
158:  44  10         | outci #10 
160:  55  77         | outs InitialT 
162:  55   0         | outs Tape 
164:  44  10         | outci #10 
166:  44  10         | outci #10 
168:  39 219         | InitialSetUp: jsr SetHead 
170:   8  41   2     | movmr CurrentState r2 
173:  10  11   3     | movar Tuples r3 
176:   8  10   5     | movmr NumberTuples r5 
179:  20   5   5     | mulir #5 r5 
182:  10  11   4     | movar Tuples r4 
185:  13   5   4     | addrr r5 r4 
188:   1   5         | clrr r5 
190:  39 223         | FindTuple: jsr CmprRule 
192:  34   3   4     | cmprr r3 r4 ;; Current Tuple Position == End of Tuples 
195:  37 198         | jmpz PrgrmEnd 
197:  28 189         | jmp FindTuple 
199:  44  10         | PrgrmEnd: outci #10 
201:  44  10         | outci #10 
203:  55  92         | outs EndMessage 
205:  44  10         | outci #10 
207:  55 112         | outs FinalTape 
209:  55   0         | outs Tape 
211:  44  10         | outci #10 
213:  55 125         | outs ThatTook 
215:  49   0         | printi r0 
217:  55 136         | outs Steps 
219:   0             | halt 
220:                 | ;;----------------------------------------------------;; 
220:  12   1   1     | SetHead: addir #1 r1 
223:  40             | ret 
224:                 | ;;----------------------------------------------------;; 
224:   9   3   8     | CmprRule: movxr r3 r8 ;;  -> First Tuple Character 
227:  34   2   8     | cmprr r2 r8 ;;r2 -> Current State |  -> First Tuple Character 
230:  37 235         | jmpz CmprRule2 
232:  12   5   3     | addir #5 r3 
235:  40             | ret 
236:  12   1   3     | CmprRule2: addir #1 r3 
239:   9   3   8     | movxr r3 r8 ;;  -> Second Tuple Character 
242:   9   1   9     | movxr r1 r9 ;;  -> Current Head Character 
245:  34   8   9     | cmprr r8 r9 
248:  37 253         | jmpz DoRule 
250:  12   4   3     | addir #4 r3 
253:  40             | ret 
254:  39 291         | DoRule: jsr PrinterSetUp 
256:  12   1   3     | addir #1 r3 
259:   9   3   8     | movxr r3 r8 ;;  -> Third Tuple Character 
262:   6   8   2     | movrr r8 r2 ;;  -> Current State (updating state) 
265:  12   1   3     | addir #1 r3 
268:   9   3   8     | movxr r3 r8 ;;  -> Fourth Tuple Character 
271:  53   8   1     | movrx r8 r1 ;;  -> Head Location 
274:  12   1   3     | addir #1 r3 
277:   9   3   8     | movxr r3 r8 ;;  -> Fifth Tuple Character 
280:  13   8   1     | addrr r8 r1 
283:  12   1   0     | addir #1 r0 ;; Adds 1 to Steps 
286:  44  10         | outci #10 
288:                 | ;; Resets Current Tuple Position 
288:  10  11   3     | movar Tuples r3 
291:  40             | ret 
292:                 | ;;----------------------------------------------------;; 
292:                 | ;r5 -> Head Print Location in Memory (starts at 1) 
292:                 | ;r6 -> Length of Tape 
292:                 | ;r7 -> Character 
292:                 | ;r8 -> 
292:                 | ;r9 -> 
292:   5   1   5     | PrinterSetUp: movir #1 r5 
295:   9   6   6     | movxr r6 r6 
298:  12   1   6     | addir #1 r6 
301:  34   1   5     | Printer: cmprr r1 r5 
304:   9   5   7     | movxr r5 r7 
307:  37 319         | jmpz BracketPrint 
309:  45   7         | outcr r7 
311:  12   1   5     | addir #1 r5 
314:  34   5   6     | cmprr r5 r6 
317:  57 300         | jmpne Printer 
319:  40             | ret 
320:  55 143         | BracketPrint: outs HeadOpen 
322:  45   7         | outcr r7 
324:  55 145         | outs HeadClose 
326:  12   1   5     | addir #1 r5 
329:  34   5   6     | cmprr r5 r6 
332:  57 300         | jmpne Printer 
334:  40             | ret 
335:  28 300         | jmp Printer 
337:                 | ;;----------------------------------------------------;; 
337:                 | .end 


;;───<<SYMBOL TABLE>>───;;
| 291 | PRINTERSETUP
| 167 | INITIALSETUP
| 143 | HEADOPEN
| 21  | T3
| 42  | WELCOME
| 26  | T4
| 11  | TUPLES
| 61  | INITIALS
| 31  | T5
| 41  | CURRENTSTATE
| 189 | FINDTUPLE
| 300 | PRINTER
| 198 | PRGRMEND
| 125 | THATTOOK
| 219 | SETHEAD
| 112 | FINALTAPE
| 136 | STEPS
| 36  | T6
| 145 | HEADCLOSE
| 223 | CMPRRULE
| 253 | DORULE
| 16  | T2
| 92  | ENDMESSAGE
| 319 | BRACKETPRINT
| 10  | NUMBERTUPLES
| 9   | HEAD
| 77  | INITIALT
| 0   | TAPE
| 147 | PRGRMSTART
| 235 | CMPRRULE2
;;──────────────────────;;